<?xml version="1.0" encoding="UTF-8"?>
<coverage generated="1666274709017" clover="3.2.0">
  <project timestamp="1666274709017" name="All files">
    <metrics statements="14" coveredstatements="9" conditionals="16" coveredconditionals="6" methods="3" coveredmethods="2" elements="33" coveredelements="17" complexity="0" loc="14" ncloc="14" packages="1" files="1" classes="1"/>
    <file name="sum.js" path="/Users/vitorleonel/trybe-exercicios/fundamentos/secao-07-introdução-a -javascript-ES6-e-testes-unitários/dia-03-primeiros-passos-em-jest/sum.js">
      <metrics statements="14" coveredstatements="9" conditionals="16" coveredconditionals="6" methods="3" coveredmethods="2"/>
      <line num="2" count="5" type="cond" truecount="4" falsecount="0"/>
      <line num="3" count="3" type="stmt"/>
      <line num="5" count="2" type="stmt"/>
      <line num="9" count="3" type="stmt"/>
      <line num="10" count="3" type="stmt"/>
      <line num="11" count="12" type="cond" truecount="2" falsecount="0"/>
      <line num="12" count="10" type="stmt"/>
      <line num="15" count="3" type="stmt"/>
      <line num="19" count="0" type="cond" truecount="0" falsecount="2"/>
      <line num="20" count="0" type="cond" truecount="0" falsecount="4"/>
      <line num="21" count="0" type="cond" truecount="0" falsecount="2"/>
      <line num="22" count="0" type="cond" truecount="0" falsecount="2"/>
      <line num="23" count="0" type="stmt"/>
      <line num="28" count="1" type="stmt"/>
    </file>
  </project>
</coverage>
