{"/Users/vitorleonel/trybe-exercicios/fundamentos/secao-07-introdução-a -javascript-ES6-e-testes-unitários/dia-03-primeiros-passos-em-jest/sum.js": {"path":"/Users/vitorleonel/trybe-exercicios/fundamentos/secao-07-introdução-a -javascript-ES6-e-testes-unitários/dia-03-primeiros-passos-em-jest/sum.js","statementMap":{"0":{"start":{"line":2,"column":2},"end":{"line":4,"column":3}},"1":{"start":{"line":3,"column":4},"end":{"line":3,"column":50}},"2":{"start":{"line":5,"column":2},"end":{"line":5,"column":15}},"3":{"start":{"line":9,"column":15},"end":{"line":9,"column":17}},"4":{"start":{"line":10,"column":2},"end":{"line":14,"column":3}},"5":{"start":{"line":10,"column":19},"end":{"line":10,"column":20}},"6":{"start":{"line":11,"column":4},"end":{"line":13,"column":5}},"7":{"start":{"line":12,"column":6},"end":{"line":12,"column":30}},"8":{"start":{"line":15,"column":2},"end":{"line":15,"column":16}},"9":{"start":{"line":19,"column":2},"end":{"line":19,"column":44}},"10":{"start":{"line":19,"column":31},"end":{"line":19,"column":44}},"11":{"start":{"line":20,"column":2},"end":{"line":20,"column":56}},"12":{"start":{"line":20,"column":38},"end":{"line":20,"column":56}},"13":{"start":{"line":21,"column":2},"end":{"line":21,"column":35}},"14":{"start":{"line":21,"column":21},"end":{"line":21,"column":35}},"15":{"start":{"line":22,"column":2},"end":{"line":22,"column":35}},"16":{"start":{"line":22,"column":21},"end":{"line":22,"column":35}},"17":{"start":{"line":23,"column":2},"end":{"line":23,"column":13}},"18":{"start":{"line":28,"column":0},"end":{"line":28,"column":45}}},"fnMap":{"0":{"name":"sum","decl":{"start":{"line":1,"column":9},"end":{"line":1,"column":12}},"loc":{"start":{"line":1,"column":19},"end":{"line":6,"column":1}},"line":1},"1":{"name":"myRemove","decl":{"start":{"line":8,"column":9},"end":{"line":8,"column":17}},"loc":{"start":{"line":8,"column":29},"end":{"line":16,"column":1}},"line":8},"2":{"name":"myFizzBuzz","decl":{"start":{"line":18,"column":9},"end":{"line":18,"column":19}},"loc":{"start":{"line":18,"column":25},"end":{"line":24,"column":1}},"line":18}},"branchMap":{"0":{"loc":{"start":{"line":2,"column":2},"end":{"line":4,"column":3}},"type":"if","locations":[{"start":{"line":2,"column":2},"end":{"line":4,"column":3}},{"start":{},"end":{}}],"line":2},"1":{"loc":{"start":{"line":2,"column":6},"end":{"line":2,"column":52}},"type":"binary-expr","locations":[{"start":{"line":2,"column":6},"end":{"line":2,"column":27}},{"start":{"line":2,"column":31},"end":{"line":2,"column":52}}],"line":2},"2":{"loc":{"start":{"line":11,"column":4},"end":{"line":13,"column":5}},"type":"if","locations":[{"start":{"line":11,"column":4},"end":{"line":13,"column":5}},{"start":{},"end":{}}],"line":11},"3":{"loc":{"start":{"line":19,"column":2},"end":{"line":19,"column":44}},"type":"if","locations":[{"start":{"line":19,"column":2},"end":{"line":19,"column":44}},{"start":{},"end":{}}],"line":19},"4":{"loc":{"start":{"line":20,"column":2},"end":{"line":20,"column":56}},"type":"if","locations":[{"start":{"line":20,"column":2},"end":{"line":20,"column":56}},{"start":{},"end":{}}],"line":20},"5":{"loc":{"start":{"line":20,"column":6},"end":{"line":20,"column":36}},"type":"binary-expr","locations":[{"start":{"line":20,"column":6},"end":{"line":20,"column":19}},{"start":{"line":20,"column":23},"end":{"line":20,"column":36}}],"line":20},"6":{"loc":{"start":{"line":21,"column":2},"end":{"line":21,"column":35}},"type":"if","locations":[{"start":{"line":21,"column":2},"end":{"line":21,"column":35}},{"start":{},"end":{}}],"line":21},"7":{"loc":{"start":{"line":22,"column":2},"end":{"line":22,"column":35}},"type":"if","locations":[{"start":{"line":22,"column":2},"end":{"line":22,"column":35}},{"start":{},"end":{}}],"line":22}},"s":{"0":5,"1":3,"2":2,"3":3,"4":3,"5":3,"6":12,"7":10,"8":3,"9":0,"10":0,"11":0,"12":0,"13":0,"14":0,"15":0,"16":0,"17":0,"18":1},"f":{"0":5,"1":3,"2":0},"b":{"0":[3,2],"1":[5,5],"2":[10,2],"3":[0,0],"4":[0,0],"5":[0,0],"6":[0,0],"7":[0,0]},"_coverageSchema":"1a1c01bbd47fc00a2c39e90264f33305004495a9","hash":"111d36611a4525c5ac11e3ec0bff03bd00bce94d"}
}
